EBS/build/outputs/logs/manifest-merger-debug-report.txt
-- Merging decision tree log ---
manifest
ADDED from Dostchat\EBS\AndroidManifest.xml:2:1-54:12
INJECTED from Dostchat\EBS\AndroidManifest.xml:2:1-54:12
INJECTED from Dostchat\EBS\AndroidManifest.xml:2:1-54:12
INJECTED from Dostchat\EBS\AndroidManifest.xml:2:1-54:12
INJECTED from Dostchat\EBS\AndroidManifest.xml:2:1-54:12
INJECTED from Dostchat\EBS\AndroidManifest.xml:2:1-54:12
INJECTED from Dostchat\EBS\AndroidManifest.xml:2:1-54:12
	package
		ADDED from Dostchat\EBS\AndroidManifest.xml:3:5-34
		INJECTED from Dostchat\EBS\AndroidManifest.xml
		INJECTED from Dostchat\EBS\AndroidManifest.xml
	android:versionName
		ADDED from Dostchat\EBS\AndroidManifest.xml:5:5-30
		INJECTED from Dostchat\EBS\AndroidManifest.xml
		INJECTED from Dostchat\EBS\AndroidManifest.xml
	xmlns:android
		ADDED from Dostchat\EBS\AndroidManifest.xml:2:11-69
	android:versionCode
		ADDED from Dostchat\EBS\AndroidManifest.xml:4:5-28
		INJECTED from Dostchat\EBS\AndroidManifest.xml
		INJECTED from Dostchat\EBS\AndroidManifest.xml
uses-sdk
ADDED from Dostchat\EBS\AndroidManifest.xml:7:5-9:41
	android:targetSdkVersion
		ADDED from Dostchat\EBS\AndroidManifest.xml:9:9-38
	android:minSdkVersion
		ADDED from Dostchat\EBS\AndroidManifest.xml:8:9-35
uses-permission#android.permission.INTERNET
ADDED from Dostchat\EBS\AndroidManifest.xml:11:5-67
	android:name
		ADDED from Dostchat\EBS\AndroidManifest.xml:11:22-64
uses-permission#android.permission.ACCESS_NETWORK_STATE
ADDED from Dostchat\EBS\AndroidManifest.xml:12:5-79
	android:name
		ADDED from Dostchat\EBS\AndroidManifest.xml:12:22-76
uses-permission#android.permission.WRITE_EXTERNAL_STORAGE
ADDED from Dostchat\EBS\AndroidManifest.xml:13:5-81
	android:name
		ADDED from Dostchat\EBS\AndroidManifest.xml:13:22-78
uses-permission#android.permission.READ_PHONE_STATE
ADDED from Dostchat\EBS\AndroidManifest.xml:14:5-75
	android:name
		ADDED from Dostchat\EBS\AndroidManifest.xml:14:22-72
uses-permission#android.permission.READ_EXTERNAL_STORAGE
ADDED from Dostchat\EBS\AndroidManifest.xml:15:5-80
	android:name
		ADDED from Dostchat\EBS\AndroidManifest.xml:15:22-77
application
ADDED from Dostchat\EBS\AndroidManifest.xml:17:5-52:19
	android:label
		ADDED from Dostchat\EBS\AndroidManifest.xml:19:9-41
	android:allowBackup
		ADDED from Dostchat\EBS\AndroidManifest.xml:18:9-35
activity#com.ebs.android.sdk.PaymentDetailActivity
ADDED from Dostchat\EBS\AndroidManifest.xml:20:9-24:20
	android:screenOrientation
		ADDED from Dostchat\EBS\AndroidManifest.xml:23:13-49
	android:label
		ADDED from Dostchat\EBS\AndroidManifest.xml:22:13-66
	android:name
		ADDED from Dostchat\EBS\AndroidManifest.xml:21:13-69
activity#com.ebs.android.sdk.PaymentActivity
ADDED from Dostchat\EBS\AndroidManifest.xml:25:9-30:20
	android:screenOrientation
		ADDED from Dostchat\EBS\AndroidManifest.xml:28:13-49
	android:label
		ADDED from Dostchat\EBS\AndroidManifest.xml:27:13-59
	android:windowSoftInputMode
		ADDED from Dostchat\EBS\AndroidManifest.xml:29:13-52
	android:name
		ADDED from Dostchat\EBS\AndroidManifest.xml:26:13-63
activity#com.ebs.android.sdk.WebViewActivity
ADDED from Dostchat\EBS\AndroidManifest.xml:31:9-38:20
	android:screenOrientation
		ADDED from Dostchat\EBS\AndroidManifest.xml:34:13-49
	android:label
		ADDED from Dostchat\EBS\AndroidManifest.xml:33:13-59
	android:windowSoftInputMode
		ADDED from Dostchat\EBS\AndroidManifest.xml:36:13-86
	android:configChanges
		ADDED from Dostchat\EBS\AndroidManifest.xml:35:13-63
	android:name
		ADDED from Dostchat\EBS\AndroidManifest.xml:32:13-63
activity#com.ebs.android.sdk.EBSHomeConfigurableActivity
ADDED from Dostchat\EBS\AndroidManifest.xml:39:9-43:20
	android:screenOrientation
		ADDED from Dostchat\EBS\AndroidManifest.xml:42:13-49
	android:label
		ADDED from Dostchat\EBS\AndroidManifest.xml:41:13-77
	android:name
		ADDED from Dostchat\EBS\AndroidManifest.xml:40:13-75
activity#com.ebs.android.sdk.PaymentFailureActivity
ADDED from Dostchat\EBS\AndroidManifest.xml:44:9-47:20
	android:label
		ADDED from Dostchat\EBS\AndroidManifest.xml:46:13-67
	android:name
		ADDED from Dostchat\EBS\AndroidManifest.xml:45:13-70
activity#com.ebs.android.sdk.IdleTimeOut
ADDED from Dostchat\EBS\AndroidManifest.xml:48:9-51:20
	android:label
		ADDED from Dostchat\EBS\AndroidManifest.xml:50:13-65
	android:name
		ADDED from Dostchat\EBS\AndroidManifest.xml:49:13-59